2021-02-08 10:22:10,082 [132] ERROR DymaDieckAPI.Jwt.JwtManager - ValidateToken eyJhbGciOiJIUzI1NiIsInR5cCI6IkpXVCJ9.eyJ1bmlxdWVfbmFtZSI6ImFkbWluIiwiTlBLX1VzdWFyaW8iOiIxIiwiZ2l2ZW5fbmFtZSI6IkFETUlOIiwibmJmIjoxNjEyNjY4MDU0LCJleHAiOjE2MTI3NTQ0NTQsImlhdCI6MTYxMjY2ODA1NCwiaXNzIjoiaHR0cDovL3lmb3MubmV0L1lmb3NFUlBBUEkvIn0.KgjaznCMGRk79pODAJihJ4syvWIT2kcHDM91YJgU5Zo
Microsoft.IdentityModel.Tokens.SecurityTokenInvalidLifetimeException: IDX10230: Lifetime validation failed. Delegate returned false, securitytoken: '[PII is hidden]'.
   en Microsoft.IdentityModel.Tokens.Validators.ValidateLifetime(Nullable`1 notBefore, Nullable`1 expires, SecurityToken securityToken, TokenValidationParameters validationParameters)
   en System.IdentityModel.Tokens.Jwt.JwtSecurityTokenHandler.ValidateLifetime(Nullable`1 notBefore, Nullable`1 expires, JwtSecurityToken jwtToken, TokenValidationParameters validationParameters)
   en System.IdentityModel.Tokens.Jwt.JwtSecurityTokenHandler.ValidateTokenPayload(JwtSecurityToken jwtToken, TokenValidationParameters validationParameters)
   en System.IdentityModel.Tokens.Jwt.JwtSecurityTokenHandler.ValidateToken(String token, TokenValidationParameters validationParameters, SecurityToken& validatedToken)
   en DymaDieckAPI.Jwt.JwtManager.GetPrincipal(String token) en C:\Yareli\PROYECTOSDYMA\MARMOLET\dieckapi\DymaDieckAPI\Jwt\JwtManager.cs:línea 115
2021-02-08 10:22:10,138 [133] ERROR DymaDieckAPI.Jwt.JwtManager - ValidateToken eyJhbGciOiJIUzI1NiIsInR5cCI6IkpXVCJ9.eyJ1bmlxdWVfbmFtZSI6ImFkbWluIiwiTlBLX1VzdWFyaW8iOiIxIiwiZ2l2ZW5fbmFtZSI6IkFETUlOIiwibmJmIjoxNjEyNjY4MDU0LCJleHAiOjE2MTI3NTQ0NTQsImlhdCI6MTYxMjY2ODA1NCwiaXNzIjoiaHR0cDovL3lmb3MubmV0L1lmb3NFUlBBUEkvIn0.KgjaznCMGRk79pODAJihJ4syvWIT2kcHDM91YJgU5Zo
Microsoft.IdentityModel.Tokens.SecurityTokenInvalidLifetimeException: IDX10230: Lifetime validation failed. Delegate returned false, securitytoken: '[PII is hidden]'.
   en Microsoft.IdentityModel.Tokens.Validators.ValidateLifetime(Nullable`1 notBefore, Nullable`1 expires, SecurityToken securityToken, TokenValidationParameters validationParameters)
   en System.IdentityModel.Tokens.Jwt.JwtSecurityTokenHandler.ValidateLifetime(Nullable`1 notBefore, Nullable`1 expires, JwtSecurityToken jwtToken, TokenValidationParameters validationParameters)
   en System.IdentityModel.Tokens.Jwt.JwtSecurityTokenHandler.ValidateTokenPayload(JwtSecurityToken jwtToken, TokenValidationParameters validationParameters)
   en System.IdentityModel.Tokens.Jwt.JwtSecurityTokenHandler.ValidateToken(String token, TokenValidationParameters validationParameters, SecurityToken& validatedToken)
   en DymaDieckAPI.Jwt.JwtManager.GetPrincipal(String token) en C:\Yareli\PROYECTOSDYMA\MARMOLET\dieckapi\DymaDieckAPI\Jwt\JwtManager.cs:línea 115
2021-02-08 10:22:10,161 [137] ERROR DymaDieckAPI.Jwt.JwtManager - ValidateToken eyJhbGciOiJIUzI1NiIsInR5cCI6IkpXVCJ9.eyJ1bmlxdWVfbmFtZSI6ImFkbWluIiwiTlBLX1VzdWFyaW8iOiIxIiwiZ2l2ZW5fbmFtZSI6IkFETUlOIiwibmJmIjoxNjEyNjY4MDU0LCJleHAiOjE2MTI3NTQ0NTQsImlhdCI6MTYxMjY2ODA1NCwiaXNzIjoiaHR0cDovL3lmb3MubmV0L1lmb3NFUlBBUEkvIn0.KgjaznCMGRk79pODAJihJ4syvWIT2kcHDM91YJgU5Zo
Microsoft.IdentityModel.Tokens.SecurityTokenInvalidLifetimeException: IDX10230: Lifetime validation failed. Delegate returned false, securitytoken: '[PII is hidden]'.
   en Microsoft.IdentityModel.Tokens.Validators.ValidateLifetime(Nullable`1 notBefore, Nullable`1 expires, SecurityToken securityToken, TokenValidationParameters validationParameters)
   en System.IdentityModel.Tokens.Jwt.JwtSecurityTokenHandler.ValidateLifetime(Nullable`1 notBefore, Nullable`1 expires, JwtSecurityToken jwtToken, TokenValidationParameters validationParameters)
   en System.IdentityModel.Tokens.Jwt.JwtSecurityTokenHandler.ValidateTokenPayload(JwtSecurityToken jwtToken, TokenValidationParameters validationParameters)
   en System.IdentityModel.Tokens.Jwt.JwtSecurityTokenHandler.ValidateToken(String token, TokenValidationParameters validationParameters, SecurityToken& validatedToken)
   en DymaDieckAPI.Jwt.JwtManager.GetPrincipal(String token) en C:\Yareli\PROYECTOSDYMA\MARMOLET\dieckapi\DymaDieckAPI\Jwt\JwtManager.cs:línea 115
2021-02-08 10:22:11,248 [132] ERROR DymaDieckAPI.Filters.AuthenticationFailureResult - http://localhost:56733/api/v1/catalog/Empleado/2
2021-02-08 10:22:11,256 [132] ERROR DymaDieckAPI.Filters.AuthenticationFailureResult - Bearer eyJhbGciOiJIUzI1NiIsInR5cCI6IkpXVCJ9.eyJ1bmlxdWVfbmFtZSI6ImFkbWluIiwiTlBLX1VzdWFyaW8iOiIxIiwiZ2l2ZW5fbmFtZSI6IkFETUlOIiwibmJmIjoxNjEyNjY4MDU0LCJleHAiOjE2MTI3NTQ0NTQsImlhdCI6MTYxMjY2ODA1NCwiaXNzIjoiaHR0cDovL3lmb3MubmV0L1lmb3NFUlBBUEkvIn0.KgjaznCMGRk79pODAJihJ4syvWIT2kcHDM91YJgU5Zo
2021-02-08 10:22:11,248 [133] ERROR DymaDieckAPI.Filters.AuthenticationFailureResult - http://localhost:56733/api/v1/catalog/TipoEmpleado/1
2021-02-08 10:22:11,248 [137] ERROR DymaDieckAPI.Filters.AuthenticationFailureResult - http://localhost:56733/api/v1/catalog/Empresa/1
2021-02-08 10:22:11,256 [133] ERROR DymaDieckAPI.Filters.AuthenticationFailureResult - Bearer eyJhbGciOiJIUzI1NiIsInR5cCI6IkpXVCJ9.eyJ1bmlxdWVfbmFtZSI6ImFkbWluIiwiTlBLX1VzdWFyaW8iOiIxIiwiZ2l2ZW5fbmFtZSI6IkFETUlOIiwibmJmIjoxNjEyNjY4MDU0LCJleHAiOjE2MTI3NTQ0NTQsImlhdCI6MTYxMjY2ODA1NCwiaXNzIjoiaHR0cDovL3lmb3MubmV0L1lmb3NFUlBBUEkvIn0.KgjaznCMGRk79pODAJihJ4syvWIT2kcHDM91YJgU5Zo
2021-02-08 10:22:11,256 [137] ERROR DymaDieckAPI.Filters.AuthenticationFailureResult - Bearer eyJhbGciOiJIUzI1NiIsInR5cCI6IkpXVCJ9.eyJ1bmlxdWVfbmFtZSI6ImFkbWluIiwiTlBLX1VzdWFyaW8iOiIxIiwiZ2l2ZW5fbmFtZSI6IkFETUlOIiwibmJmIjoxNjEyNjY4MDU0LCJleHAiOjE2MTI3NTQ0NTQsImlhdCI6MTYxMjY2ODA1NCwiaXNzIjoiaHR0cDovL3lmb3MubmV0L1lmb3NFUlBBUEkvIn0.KgjaznCMGRk79pODAJihJ4syvWIT2kcHDM91YJgU5Zo
