2021-01-09 12:56:11,725 [8] INFO DymaDieckAPI.Controllers.TokenController - >>>>>>>>>> Login Web
2021-01-09 12:56:11,725 [7] INFO DymaDieckAPI.Controllers.TokenController - >>>>>>>>>> Login Web
2021-01-09 12:56:11,739 [7] ERROR DymaDieckAPI.Controllers.TokenController - System.Data.SqlClient.SqlException (0x80131904): Error relacionado con la red o específico de la instancia mientras se establecía una conexión con el servidor SQL Server. No se encontró el servidor o éste no estaba accesible. Compruebe que el nombre de la instancia es correcto y que SQL Server está configurado para admitir conexiones remotas. (provider: SQL Network Interfaces, error: 26 - Error al buscar el servidor o instancia especificado)
   en System.Data.SqlClient.SqlInternalConnectionTds..ctor(DbConnectionPoolIdentity identity, SqlConnectionString connectionOptions, SqlCredential credential, Object providerInfo, String newPassword, SecureString newSecurePassword, Boolean redirectedUserInstance, SqlConnectionString userConnectionOptions, SessionData reconnectSessionData, DbConnectionPool pool, String accessToken, Boolean applyTransientFaultHandling, SqlAuthenticationProviderManager sqlAuthProviderManager)
   en System.Data.SqlClient.SqlConnectionFactory.CreateConnection(DbConnectionOptions options, DbConnectionPoolKey poolKey, Object poolGroupProviderInfo, DbConnectionPool pool, DbConnection owningConnection, DbConnectionOptions userOptions)
   en System.Data.ProviderBase.DbConnectionFactory.CreatePooledConnection(DbConnectionPool pool, DbConnection owningObject, DbConnectionOptions options, DbConnectionPoolKey poolKey, DbConnectionOptions userOptions)
   en System.Data.ProviderBase.DbConnectionPool.CreateObject(DbConnection owningObject, DbConnectionOptions userOptions, DbConnectionInternal oldConnection)
   en System.Data.ProviderBase.DbConnectionPool.UserCreateRequest(DbConnection owningObject, DbConnectionOptions userOptions, DbConnectionInternal oldConnection)
   en System.Data.ProviderBase.DbConnectionPool.TryGetConnection(DbConnection owningObject, UInt32 waitForMultipleObjectsTimeout, Boolean allowCreate, Boolean onlyOneCheckConnection, DbConnectionOptions userOptions, DbConnectionInternal& connection)
   en System.Data.ProviderBase.DbConnectionPool.TryGetConnection(DbConnection owningObject, TaskCompletionSource`1 retry, DbConnectionOptions userOptions, DbConnectionInternal& connection)
   en System.Data.ProviderBase.DbConnectionFactory.TryGetConnection(DbConnection owningConnection, TaskCompletionSource`1 retry, DbConnectionOptions userOptions, DbConnectionInternal oldConnection, DbConnectionInternal& connection)
   en System.Data.ProviderBase.DbConnectionInternal.TryOpenConnectionInternal(DbConnection outerConnection, DbConnectionFactory connectionFactory, TaskCompletionSource`1 retry, DbConnectionOptions userOptions)
   en System.Data.ProviderBase.DbConnectionClosed.TryOpenConnection(DbConnection outerConnection, DbConnectionFactory connectionFactory, TaskCompletionSource`1 retry, DbConnectionOptions userOptions)
   en System.Data.SqlClient.SqlConnection.TryOpenInner(TaskCompletionSource`1 retry)
   en System.Data.SqlClient.SqlConnection.TryOpen(TaskCompletionSource`1 retry)
   en System.Data.SqlClient.SqlConnection.Open()
   en DymaDieckBackend.Repositories.UserRepository.AuthenticateUserWeb(String username, String password) en C:\Yareli\PROYECTOSDYMA\MARMOLET\dieckapi\DymaDieckBackEnd\Repositories\UserRepository.cs:línea 27
   en DymaDieckBackend.Actions.Task.LoginUserWeb(String username, String password) en C:\Yareli\PROYECTOSDYMA\MARMOLET\dieckapi\DymaDieckBackEnd\Actions\Task.cs:línea 33
   en DymaDieckAPI.Controllers.TokenController.LoginWeb(LoginFormWeb datos) en C:\Yareli\PROYECTOSDYMA\MARMOLET\dieckapi\DymaDieckAPI\Controllers\TokenController.cs:línea 32
ClientConnectionId:00000000-0000-0000-0000-000000000000
Error Number:-1,State:0,Class:20
2021-01-09 12:56:11,738 [8] ERROR DymaDieckAPI.Controllers.TokenController - System.Data.SqlClient.SqlException (0x80131904): Error relacionado con la red o específico de la instancia mientras se establecía una conexión con el servidor SQL Server. No se encontró el servidor o éste no estaba accesible. Compruebe que el nombre de la instancia es correcto y que SQL Server está configurado para admitir conexiones remotas. (provider: SQL Network Interfaces, error: 26 - Error al buscar el servidor o instancia especificado)
   en System.Data.ProviderBase.DbConnectionPool.TryGetConnection(DbConnection owningObject, UInt32 waitForMultipleObjectsTimeout, Boolean allowCreate, Boolean onlyOneCheckConnection, DbConnectionOptions userOptions, DbConnectionInternal& connection)
   en System.Data.ProviderBase.DbConnectionPool.TryGetConnection(DbConnection owningObject, TaskCompletionSource`1 retry, DbConnectionOptions userOptions, DbConnectionInternal& connection)
   en System.Data.ProviderBase.DbConnectionFactory.TryGetConnection(DbConnection owningConnection, TaskCompletionSource`1 retry, DbConnectionOptions userOptions, DbConnectionInternal oldConnection, DbConnectionInternal& connection)
   en System.Data.ProviderBase.DbConnectionInternal.TryOpenConnectionInternal(DbConnection outerConnection, DbConnectionFactory connectionFactory, TaskCompletionSource`1 retry, DbConnectionOptions userOptions)
   en System.Data.ProviderBase.DbConnectionClosed.TryOpenConnection(DbConnection outerConnection, DbConnectionFactory connectionFactory, TaskCompletionSource`1 retry, DbConnectionOptions userOptions)
   en System.Data.SqlClient.SqlConnection.TryOpenInner(TaskCompletionSource`1 retry)
   en System.Data.SqlClient.SqlConnection.TryOpen(TaskCompletionSource`1 retry)
   en System.Data.SqlClient.SqlConnection.Open()
   en DymaDieckBackend.Repositories.UserRepository.AuthenticateUserWeb(String username, String password) en C:\Yareli\PROYECTOSDYMA\MARMOLET\dieckapi\DymaDieckBackEnd\Repositories\UserRepository.cs:línea 27
   en DymaDieckBackend.Actions.Task.LoginUserWeb(String username, String password) en C:\Yareli\PROYECTOSDYMA\MARMOLET\dieckapi\DymaDieckBackEnd\Actions\Task.cs:línea 33
   en DymaDieckAPI.Controllers.TokenController.LoginWeb(LoginFormWeb datos) en C:\Yareli\PROYECTOSDYMA\MARMOLET\dieckapi\DymaDieckAPI\Controllers\TokenController.cs:línea 32
ClientConnectionId:00000000-0000-0000-0000-000000000000
Error Number:-1,State:0,Class:20
2021-01-09 12:56:11,866 [7] INFO DymaDieckAPI.Controllers.TokenController - <<<<<<<<<< Login Web
2021-01-09 12:56:11,868 [8] INFO DymaDieckAPI.Controllers.TokenController - <<<<<<<<<< Login Web
2021-01-09 16:47:40,052 [24] ERROR DymaDieckAPI.Controllers.CatalogController - Desbordamiento de SqlDateTime. Debe estar entre 1/1/1753 12:00:00 AM y 12/31/9999 11:59:59 PM.
System.Data.SqlTypes.SqlTypeException: Desbordamiento de SqlDateTime. Debe estar entre 1/1/1753 12:00:00 AM y 12/31/9999 11:59:59 PM.
   en DymaDieckBackend.Repositories.CatalogRepository.GuardarEmpleado(EmpleadoCatalogo datos, Int32 NFK_User) en C:\Yareli\PROYECTOSDYMA\MARMOLET\dieckapi\DymaDieckBackEnd\Repositories\CatalogRepository.cs:línea 210
   en DymaDieckBackend.Actions.Task.GuardarEmpleado(EmpleadoCatalogo datos, Int32 NFK_User) en C:\Yareli\PROYECTOSDYMA\MARMOLET\dieckapi\DymaDieckBackEnd\Actions\Task.cs:línea 73
   en DymaDieckAPI.Controllers.CatalogController.GuardarEmpleado(EmpleadoForm datos) en C:\Yareli\PROYECTOSDYMA\MARMOLET\dieckapi\DymaDieckAPI\Controllers\CatalogController.cs:línea 165
