2020-06-10 11:25:32,666 [7] INFO YfosCipherBondAPI.Controllers.TokenController - IMEI = 353381091681350
2020-06-10 17:18:43,270 [64] ERROR YfosCipherBondAPI.Controllers.CatalogController - Error writing MIME multipart body part to output stream.
System.IO.IOException: Error writing MIME multipart body part to output stream. ---> System.InvalidOperationException: The stream provider of type 'MultipartFormDataStreamProvider' threw an exception. ---> System.IO.DirectoryNotFoundException: Could not find a part of the path 'C:\Yfos\Proyectos\CipherBond\CipherBond api\YfosCipherBondAPI\Document\BodyPart_c5522f01-eb70-4149-8cc6-f73bd4c07354'.
   at System.IO.__Error.WinIOError(Int32 errorCode, String maybeFullPath)
   at System.IO.FileStream.Init(String path, FileMode mode, FileAccess access, Int32 rights, Boolean useRights, FileShare share, Int32 bufferSize, FileOptions options, SECURITY_ATTRIBUTES secAttrs, String msgPath, Boolean bFromProxy, Boolean useLongPath, Boolean checkHost)
   at System.IO.FileStream..ctor(String path, FileMode mode, FileAccess access, FileShare share, Int32 bufferSize, FileOptions options)
   at System.Net.Http.MultipartFileStreamProvider.GetStream(HttpContent parent, HttpContentHeaders headers)
   at System.Net.Http.MultipartFormDataStreamProvider.GetStream(HttpContent parent, HttpContentHeaders headers)
   at System.Net.Http.MimeBodyPart.GetOutputStream()
   --- End of inner exception stack trace ---
   at System.Net.Http.MimeBodyPart.GetOutputStream()
   at System.Net.Http.MimeBodyPart.<WriteSegment>d__24.MoveNext()
--- End of stack trace from previous location where exception was thrown ---
   at System.Runtime.CompilerServices.TaskAwaiter.ThrowForNonSuccess(Task task)
   at System.Runtime.CompilerServices.TaskAwaiter.HandleNonSuccessAndDebuggerNotification(Task task)
   at System.Net.Http.HttpContentMultipartExtensions.<MultipartReadAsync>d__10.MoveNext()
   --- End of inner exception stack trace ---
   at System.Net.Http.HttpContentMultipartExtensions.<MultipartReadAsync>d__10.MoveNext()
--- End of stack trace from previous location where exception was thrown ---
   at System.Runtime.CompilerServices.TaskAwaiter.ThrowForNonSuccess(Task task)
   at System.Runtime.CompilerServices.TaskAwaiter.HandleNonSuccessAndDebuggerNotification(Task task)
   at System.Net.Http.HttpContentMultipartExtensions.<ReadAsMultipartAsync>d__9`1.MoveNext()
--- End of stack trace from previous location where exception was thrown ---
   at System.Runtime.CompilerServices.TaskAwaiter.ThrowForNonSuccess(Task task)
   at System.Runtime.CompilerServices.TaskAwaiter.HandleNonSuccessAndDebuggerNotification(Task task)
   at System.Runtime.CompilerServices.TaskAwaiter`1.GetResult()
   at YfosCipherBondAPI.Controllers.CatalogController.<UploadDocument>d__31.MoveNext() in C:\Yfos\Proyectos\CipherBond\CipherBond api\YfosCipherBondAPI\Controllers\CatalogController.cs:line 928
2020-06-10 17:21:36,695 [68] ERROR YfosCipherBondAPI.Controllers.CatalogController - Error while copying content to a stream.
System.Net.Http.HttpRequestException: Error while copying content to a stream. ---> System.ObjectDisposedException: Cannot access a closed file.
   at System.IO.__Error.FileNotOpen()
   at System.IO.FileStream.BeginRead(Byte[] array, Int32 offset, Int32 numBytes, AsyncCallback userCallback, Object stateObject)
   at System.Net.Http.StreamToStreamCopy.StartRead()
   --- End of inner exception stack trace ---
   at System.Runtime.CompilerServices.TaskAwaiter.ThrowForNonSuccess(Task task)
   at System.Runtime.CompilerServices.TaskAwaiter.HandleNonSuccessAndDebuggerNotification(Task task)
   at System.Runtime.CompilerServices.TaskAwaiter`1.GetResult()
   at YfosCipherBondAPI.Controllers.CatalogController.<UploadDocument>d__31.MoveNext() in C:\Yfos\Proyectos\CipherBond\CipherBond api\YfosCipherBondAPI\Controllers\CatalogController.cs:line 952
2020-06-10 17:27:30,777 [68] ERROR YfosCipherBondAPI.Controllers.CatalogController - Error while copying content to a stream.
System.Net.Http.HttpRequestException: Error while copying content to a stream. ---> System.ObjectDisposedException: Cannot access a closed file.
   at System.IO.__Error.FileNotOpen()
   at System.IO.FileStream.BeginRead(Byte[] array, Int32 offset, Int32 numBytes, AsyncCallback userCallback, Object stateObject)
   at System.Net.Http.StreamToStreamCopy.StartRead()
   --- End of inner exception stack trace ---
   at System.Runtime.CompilerServices.TaskAwaiter.ThrowForNonSuccess(Task task)
   at System.Runtime.CompilerServices.TaskAwaiter.HandleNonSuccessAndDebuggerNotification(Task task)
   at System.Runtime.CompilerServices.TaskAwaiter`1.GetResult()
   at YfosCipherBondAPI.Controllers.CatalogController.<UploadDocument>d__31.MoveNext() in C:\Yfos\Proyectos\CipherBond\CipherBond api\YfosCipherBondAPI\Controllers\CatalogController.cs:line 950
2020-06-10 17:27:39,343 [70] ERROR YfosCipherBondAPI.Controllers.CatalogController - Error while copying content to a stream.
System.Net.Http.HttpRequestException: Error while copying content to a stream. ---> System.ObjectDisposedException: Cannot access a closed file.
   at System.IO.__Error.FileNotOpen()
   at System.IO.FileStream.BeginRead(Byte[] array, Int32 offset, Int32 numBytes, AsyncCallback userCallback, Object stateObject)
   at System.Net.Http.StreamToStreamCopy.StartRead()
   --- End of inner exception stack trace ---
   at System.Runtime.CompilerServices.TaskAwaiter.ThrowForNonSuccess(Task task)
   at System.Runtime.CompilerServices.TaskAwaiter.HandleNonSuccessAndDebuggerNotification(Task task)
   at System.Runtime.CompilerServices.TaskAwaiter`1.GetResult()
   at YfosCipherBondAPI.Controllers.CatalogController.<UploadDocument>d__31.MoveNext() in C:\Yfos\Proyectos\CipherBond\CipherBond api\YfosCipherBondAPI\Controllers\CatalogController.cs:line 950
2020-06-10 17:27:55,246 [70] ERROR YfosCipherBondAPI.Controllers.CatalogController - Error while copying content to a stream.
System.Net.Http.HttpRequestException: Error while copying content to a stream. ---> System.ObjectDisposedException: Cannot access a closed file.
   at System.IO.__Error.FileNotOpen()
   at System.IO.FileStream.BeginRead(Byte[] array, Int32 offset, Int32 numBytes, AsyncCallback userCallback, Object stateObject)
   at System.Net.Http.StreamToStreamCopy.StartRead()
   --- End of inner exception stack trace ---
   at System.Runtime.CompilerServices.TaskAwaiter.ThrowForNonSuccess(Task task)
   at System.Runtime.CompilerServices.TaskAwaiter.HandleNonSuccessAndDebuggerNotification(Task task)
   at System.Runtime.CompilerServices.TaskAwaiter`1.GetResult()
   at YfosCipherBondAPI.Controllers.CatalogController.<UploadDocument>d__31.MoveNext() in C:\Yfos\Proyectos\CipherBond\CipherBond api\YfosCipherBondAPI\Controllers\CatalogController.cs:line 950
2020-06-10 17:33:49,952 [70] ERROR YfosCipherBondAPI.Controllers.CatalogController - Error while copying content to a stream.
System.Net.Http.HttpRequestException: Error while copying content to a stream. ---> System.ObjectDisposedException: Cannot access a closed file.
   at System.IO.__Error.FileNotOpen()
   at System.IO.FileStream.BeginRead(Byte[] array, Int32 offset, Int32 numBytes, AsyncCallback userCallback, Object stateObject)
   at System.Net.Http.StreamToStreamCopy.StartRead()
   --- End of inner exception stack trace ---
   at System.Runtime.CompilerServices.TaskAwaiter.ThrowForNonSuccess(Task task)
   at System.Runtime.CompilerServices.TaskAwaiter.HandleNonSuccessAndDebuggerNotification(Task task)
   at System.Runtime.CompilerServices.TaskAwaiter`1.GetResult()
   at YfosCipherBondAPI.Controllers.CatalogController.<UploadDocument>d__31.MoveNext() in C:\Yfos\Proyectos\CipherBond\CipherBond api\YfosCipherBondAPI\Controllers\CatalogController.cs:line 950
2020-06-10 17:35:34,069 [70] ERROR YfosCipherBondAPI.Controllers.CatalogController - Error while copying content to a stream.
System.Net.Http.HttpRequestException: Error while copying content to a stream. ---> System.ObjectDisposedException: Cannot access a closed file.
   at System.IO.__Error.FileNotOpen()
   at System.IO.FileStream.BeginRead(Byte[] array, Int32 offset, Int32 numBytes, AsyncCallback userCallback, Object stateObject)
   at System.Net.Http.StreamToStreamCopy.StartRead()
   --- End of inner exception stack trace ---
   at System.Runtime.CompilerServices.TaskAwaiter.ThrowForNonSuccess(Task task)
   at System.Runtime.CompilerServices.TaskAwaiter.HandleNonSuccessAndDebuggerNotification(Task task)
   at System.Runtime.CompilerServices.TaskAwaiter`1.GetResult()
   at YfosCipherBondAPI.Controllers.CatalogController.<UploadDocument>d__31.MoveNext() in C:\Yfos\Proyectos\CipherBond\CipherBond api\YfosCipherBondAPI\Controllers\CatalogController.cs:line 950
2020-06-10 17:36:21,361 [48] ERROR YfosCipherBondAPI.Controllers.CatalogController - Error while copying content to a stream.
System.Net.Http.HttpRequestException: Error while copying content to a stream. ---> System.ObjectDisposedException: Cannot access a closed file.
   at System.IO.__Error.FileNotOpen()
   at System.IO.FileStream.BeginRead(Byte[] array, Int32 offset, Int32 numBytes, AsyncCallback userCallback, Object stateObject)
   at System.Net.Http.StreamToStreamCopy.StartRead()
   --- End of inner exception stack trace ---
   at System.Runtime.CompilerServices.TaskAwaiter.ThrowForNonSuccess(Task task)
   at System.Runtime.CompilerServices.TaskAwaiter.HandleNonSuccessAndDebuggerNotification(Task task)
   at System.Runtime.CompilerServices.TaskAwaiter`1.GetResult()
   at YfosCipherBondAPI.Controllers.CatalogController.<UploadDocument>d__31.MoveNext() in C:\Yfos\Proyectos\CipherBond\CipherBond api\YfosCipherBondAPI\Controllers\CatalogController.cs:line 950
2020-06-10 18:09:40,732 [24] ERROR YfosCipherBondAPI.Controllers.CatalogController - The INSERT statement conflicted with the FOREIGN KEY constraint "FK_Document_DocumentType". The conflict occurred in database "CipherBond", table "dbo.DocumentType", column 'NPK_DocumentType'.
The statement has been terminated.
System.Data.SqlClient.SqlException (0x80131904): The INSERT statement conflicted with the FOREIGN KEY constraint "FK_Document_DocumentType". The conflict occurred in database "CipherBond", table "dbo.DocumentType", column 'NPK_DocumentType'.
The statement has been terminated.
   at YfosCipherBondBackEnd.Repositories.CatalogRepository.SaveDocumentData(Int32 NFK_Client, Int32 NFK_DocumentType, String Comments, Int32 NFK_User) in C:\Yfos\Proyectos\CipherBond\CipherBond api\YfosCipherBondBackEnd\Repositories\CatalogRepository.cs:line 1863
   at YfosCipherBondBackEnd.Actions.Task.SaveDocumentData(Int32 NFK_Client, Int32 NFK_DocumentType, String comments, Int32 NFK_User) in C:\Yfos\Proyectos\CipherBond\CipherBond api\YfosCipherBondBackEnd\Actions\Task.cs:line 433
   at YfosCipherBondAPI.Controllers.CatalogController.<UploadDocument>d__31.MoveNext() in C:\Yfos\Proyectos\CipherBond\CipherBond api\YfosCipherBondAPI\Controllers\CatalogController.cs:line 941
ClientConnectionId:cdc0883a-3ffb-4176-b396-77df67753d5e
Error Number:547,State:0,Class:16
