2021-02-18 13:28:51,207 [8] ERROR DymaDieckAPI.Controllers.CatalogController - Desbordamiento de SqlDateTime. Debe estar entre 1/1/1753 12:00:00 AM y 12/31/9999 11:59:59 PM.
System.Data.SqlTypes.SqlTypeException: Desbordamiento de SqlDateTime. Debe estar entre 1/1/1753 12:00:00 AM y 12/31/9999 11:59:59 PM.
   en DymaDieckBackend.Repositories.CatalogRepository.GuardarEmpleado(EmpleadoCatalogo datos, Int32 NFK_User) en C:\Yareli\PROYECTOSDYMA\MARMOLET\dieckapi\DymaDieckBackEnd\Repositories\CatalogRepository.cs:línea 295
   en DymaDieckBackend.Actions.Task.GuardarEmpleado(EmpleadoCatalogo datos, Int32 NFK_User) en C:\Yareli\PROYECTOSDYMA\MARMOLET\dieckapi\DymaDieckBackEnd\Actions\Task.cs:línea 95
   en DymaDieckAPI.Controllers.CatalogController.GuardarEmpleado(EmpleadoForm datos) en C:\Yareli\PROYECTOSDYMA\MARMOLET\dieckapi\DymaDieckAPI\Controllers\CatalogController.cs:línea 242
2021-02-18 13:29:03,412 [8] ERROR DymaDieckAPI.Controllers.CatalogController - Desbordamiento de SqlDateTime. Debe estar entre 1/1/1753 12:00:00 AM y 12/31/9999 11:59:59 PM.
System.Data.SqlTypes.SqlTypeException: Desbordamiento de SqlDateTime. Debe estar entre 1/1/1753 12:00:00 AM y 12/31/9999 11:59:59 PM.
   en DymaDieckBackend.Repositories.CatalogRepository.GuardarEmpleado(EmpleadoCatalogo datos, Int32 NFK_User) en C:\Yareli\PROYECTOSDYMA\MARMOLET\dieckapi\DymaDieckBackEnd\Repositories\CatalogRepository.cs:línea 295
   en DymaDieckBackend.Actions.Task.GuardarEmpleado(EmpleadoCatalogo datos, Int32 NFK_User) en C:\Yareli\PROYECTOSDYMA\MARMOLET\dieckapi\DymaDieckBackEnd\Actions\Task.cs:línea 95
   en DymaDieckAPI.Controllers.CatalogController.GuardarEmpleado(EmpleadoForm datos) en C:\Yareli\PROYECTOSDYMA\MARMOLET\dieckapi\DymaDieckAPI\Controllers\CatalogController.cs:línea 242
2021-02-18 13:53:34,006 [22] ERROR DymaDieckAPI.Controllers.CatalogController - Desbordamiento de SqlDateTime. Debe estar entre 1/1/1753 12:00:00 AM y 12/31/9999 11:59:59 PM.
System.Data.SqlTypes.SqlTypeException: Desbordamiento de SqlDateTime. Debe estar entre 1/1/1753 12:00:00 AM y 12/31/9999 11:59:59 PM.
   en DymaDieckBackend.Repositories.CatalogRepository.GuardarEmpleado(EmpleadoCatalogo datos, Int32 NFK_User) en C:\Yareli\PROYECTOSDYMA\MARMOLET\dieckapi\DymaDieckBackEnd\Repositories\CatalogRepository.cs:línea 295
   en DymaDieckBackend.Actions.Task.GuardarEmpleado(EmpleadoCatalogo datos, Int32 NFK_User) en C:\Yareli\PROYECTOSDYMA\MARMOLET\dieckapi\DymaDieckBackEnd\Actions\Task.cs:línea 95
   en DymaDieckAPI.Controllers.CatalogController.GuardarEmpleado(EmpleadoForm datos) en C:\Yareli\PROYECTOSDYMA\MARMOLET\dieckapi\DymaDieckAPI\Controllers\CatalogController.cs:línea 242
2021-02-18 14:02:26,348 [26] ERROR DymaDieckAPI.Controllers.CatalogController - Cannot insert the value NULL into column 'TipoEmpleado', table 'DIECKCRM.dbo.Empleado'; column does not allow nulls. INSERT fails.
The statement has been terminated.
System.Data.SqlClient.SqlException (0x80131904): Cannot insert the value NULL into column 'TipoEmpleado', table 'DIECKCRM.dbo.Empleado'; column does not allow nulls. INSERT fails.
The statement has been terminated.
   en DymaDieckBackend.Repositories.CatalogRepository.GuardarEmpleado(EmpleadoCatalogo datos, Int32 NFK_User) en C:\Yareli\PROYECTOSDYMA\MARMOLET\dieckapi\DymaDieckBackEnd\Repositories\CatalogRepository.cs:línea 295
   en DymaDieckBackend.Actions.Task.GuardarEmpleado(EmpleadoCatalogo datos, Int32 NFK_User) en C:\Yareli\PROYECTOSDYMA\MARMOLET\dieckapi\DymaDieckBackEnd\Actions\Task.cs:línea 95
   en DymaDieckAPI.Controllers.CatalogController.GuardarEmpleado(EmpleadoForm datos) en C:\Yareli\PROYECTOSDYMA\MARMOLET\dieckapi\DymaDieckAPI\Controllers\CatalogController.cs:línea 242
ClientConnectionId:c9c3e083-897d-4f91-a74a-afd73bc11378
Error Number:515,State:2,Class:16
2021-02-18 14:02:50,864 [23] ERROR DymaDieckAPI.Controllers.CatalogController - Cannot insert the value NULL into column 'TipoEmpleado', table 'DIECKCRM.dbo.Empleado'; column does not allow nulls. INSERT fails.
The statement has been terminated.
System.Data.SqlClient.SqlException (0x80131904): Cannot insert the value NULL into column 'TipoEmpleado', table 'DIECKCRM.dbo.Empleado'; column does not allow nulls. INSERT fails.
The statement has been terminated.
   en DymaDieckBackend.Repositories.CatalogRepository.GuardarEmpleado(EmpleadoCatalogo datos, Int32 NFK_User) en C:\Yareli\PROYECTOSDYMA\MARMOLET\dieckapi\DymaDieckBackEnd\Repositories\CatalogRepository.cs:línea 295
   en DymaDieckBackend.Actions.Task.GuardarEmpleado(EmpleadoCatalogo datos, Int32 NFK_User) en C:\Yareli\PROYECTOSDYMA\MARMOLET\dieckapi\DymaDieckBackEnd\Actions\Task.cs:línea 95
   en DymaDieckAPI.Controllers.CatalogController.GuardarEmpleado(EmpleadoForm datos) en C:\Yareli\PROYECTOSDYMA\MARMOLET\dieckapi\DymaDieckAPI\Controllers\CatalogController.cs:línea 242
ClientConnectionId:c9c3e083-897d-4f91-a74a-afd73bc11378
Error Number:515,State:2,Class:16
2021-02-18 14:05:45,795 [32] ERROR DymaDieckAPI.Controllers.CatalogController - Cannot insert the value NULL into column 'TipoEmpleado', table 'DIECKCRM.dbo.Empleado'; column does not allow nulls. INSERT fails.
The statement has been terminated.
System.Data.SqlClient.SqlException (0x80131904): Cannot insert the value NULL into column 'TipoEmpleado', table 'DIECKCRM.dbo.Empleado'; column does not allow nulls. INSERT fails.
The statement has been terminated.
   en DymaDieckBackend.Repositories.CatalogRepository.GuardarEmpleado(EmpleadoCatalogo datos, Int32 NFK_User) en C:\Yareli\PROYECTOSDYMA\MARMOLET\dieckapi\DymaDieckBackEnd\Repositories\CatalogRepository.cs:línea 295
   en DymaDieckBackend.Actions.Task.GuardarEmpleado(EmpleadoCatalogo datos, Int32 NFK_User) en C:\Yareli\PROYECTOSDYMA\MARMOLET\dieckapi\DymaDieckBackEnd\Actions\Task.cs:línea 95
   en DymaDieckAPI.Controllers.CatalogController.GuardarEmpleado(EmpleadoForm datos) en C:\Yareli\PROYECTOSDYMA\MARMOLET\dieckapi\DymaDieckAPI\Controllers\CatalogController.cs:línea 242
ClientConnectionId:f14bf894-7c53-4805-878d-d807d1110471
Error Number:515,State:2,Class:16
2021-02-18 14:15:23,460 [44] ERROR DymaDieckAPI.Controllers.CatalogController - Cannot insert the value NULL into column 'TipoEmpleado', table 'DIECKCRM.dbo.Empleado'; column does not allow nulls. INSERT fails.
The statement has been terminated.
System.Data.SqlClient.SqlException (0x80131904): Cannot insert the value NULL into column 'TipoEmpleado', table 'DIECKCRM.dbo.Empleado'; column does not allow nulls. INSERT fails.
The statement has been terminated.
   en DymaDieckBackend.Repositories.CatalogRepository.GuardarEmpleado(EmpleadoCatalogo datos, Int32 NFK_User) en C:\Yareli\PROYECTOSDYMA\MARMOLET\dieckapi\DymaDieckBackEnd\Repositories\CatalogRepository.cs:línea 295
   en DymaDieckBackend.Actions.Task.GuardarEmpleado(EmpleadoCatalogo datos, Int32 NFK_User) en C:\Yareli\PROYECTOSDYMA\MARMOLET\dieckapi\DymaDieckBackEnd\Actions\Task.cs:línea 95
   en DymaDieckAPI.Controllers.CatalogController.GuardarEmpleado(EmpleadoForm datos) en C:\Yareli\PROYECTOSDYMA\MARMOLET\dieckapi\DymaDieckAPI\Controllers\CatalogController.cs:línea 242
ClientConnectionId:af2c3754-2cf7-48e7-871f-c855600b798b
Error Number:515,State:2,Class:16
2021-02-18 14:18:11,401 [47] ERROR DymaDieckAPI.Controllers.CatalogController - Cannot insert the value NULL into column 'TipoEmpleado', table 'DIECKCRM.dbo.Empleado'; column does not allow nulls. INSERT fails.
The statement has been terminated.
System.Data.SqlClient.SqlException (0x80131904): Cannot insert the value NULL into column 'TipoEmpleado', table 'DIECKCRM.dbo.Empleado'; column does not allow nulls. INSERT fails.
The statement has been terminated.
   en DymaDieckBackend.Repositories.CatalogRepository.GuardarEmpleado(EmpleadoCatalogo datos, Int32 NFK_User) en C:\Yareli\PROYECTOSDYMA\MARMOLET\dieckapi\DymaDieckBackEnd\Repositories\CatalogRepository.cs:línea 295
   en DymaDieckBackend.Actions.Task.GuardarEmpleado(EmpleadoCatalogo datos, Int32 NFK_User) en C:\Yareli\PROYECTOSDYMA\MARMOLET\dieckapi\DymaDieckBackEnd\Actions\Task.cs:línea 95
   en DymaDieckAPI.Controllers.CatalogController.GuardarEmpleado(EmpleadoForm datos) en C:\Yareli\PROYECTOSDYMA\MARMOLET\dieckapi\DymaDieckAPI\Controllers\CatalogController.cs:línea 242
ClientConnectionId:d1ddbfde-6dd7-4361-8133-98f9c30e3181
Error Number:515,State:2,Class:16
2021-02-18 14:19:24,028 [48] ERROR DymaDieckAPI.Controllers.CatalogController - Cannot insert the value NULL into column 'TipoEmpleado', table 'DIECKCRM.dbo.Empleado'; column does not allow nulls. INSERT fails.
The statement has been terminated.
System.Data.SqlClient.SqlException (0x80131904): Cannot insert the value NULL into column 'TipoEmpleado', table 'DIECKCRM.dbo.Empleado'; column does not allow nulls. INSERT fails.
The statement has been terminated.
   en DymaDieckBackend.Repositories.CatalogRepository.GuardarEmpleado(EmpleadoCatalogo datos, Int32 NFK_User) en C:\Yareli\PROYECTOSDYMA\MARMOLET\dieckapi\DymaDieckBackEnd\Repositories\CatalogRepository.cs:línea 295
   en DymaDieckBackend.Actions.Task.GuardarEmpleado(EmpleadoCatalogo datos, Int32 NFK_User) en C:\Yareli\PROYECTOSDYMA\MARMOLET\dieckapi\DymaDieckBackEnd\Actions\Task.cs:línea 95
   en DymaDieckAPI.Controllers.CatalogController.GuardarEmpleado(EmpleadoForm datos) en C:\Yareli\PROYECTOSDYMA\MARMOLET\dieckapi\DymaDieckAPI\Controllers\CatalogController.cs:línea 242
ClientConnectionId:d1ddbfde-6dd7-4361-8133-98f9c30e3181
Error Number:515,State:2,Class:16
2021-02-18 14:19:50,652 [50] ERROR DymaDieckAPI.Controllers.CatalogController - Desbordamiento de SqlDateTime. Debe estar entre 1/1/1753 12:00:00 AM y 12/31/9999 11:59:59 PM.
System.Data.SqlTypes.SqlTypeException: Desbordamiento de SqlDateTime. Debe estar entre 1/1/1753 12:00:00 AM y 12/31/9999 11:59:59 PM.
   en DymaDieckBackend.Repositories.CatalogRepository.GuardarEmpleado(EmpleadoCatalogo datos, Int32 NFK_User) en C:\Yareli\PROYECTOSDYMA\MARMOLET\dieckapi\DymaDieckBackEnd\Repositories\CatalogRepository.cs:línea 295
   en DymaDieckBackend.Actions.Task.GuardarEmpleado(EmpleadoCatalogo datos, Int32 NFK_User) en C:\Yareli\PROYECTOSDYMA\MARMOLET\dieckapi\DymaDieckBackEnd\Actions\Task.cs:línea 95
   en DymaDieckAPI.Controllers.CatalogController.GuardarEmpleado(EmpleadoForm datos) en C:\Yareli\PROYECTOSDYMA\MARMOLET\dieckapi\DymaDieckAPI\Controllers\CatalogController.cs:línea 242
2021-02-18 14:20:33,189 [47] ERROR DymaDieckAPI.Controllers.CatalogController - Desbordamiento de SqlDateTime. Debe estar entre 1/1/1753 12:00:00 AM y 12/31/9999 11:59:59 PM.
System.Data.SqlTypes.SqlTypeException: Desbordamiento de SqlDateTime. Debe estar entre 1/1/1753 12:00:00 AM y 12/31/9999 11:59:59 PM.
   en DymaDieckBackend.Repositories.CatalogRepository.GuardarEmpleado(EmpleadoCatalogo datos, Int32 NFK_User) en C:\Yareli\PROYECTOSDYMA\MARMOLET\dieckapi\DymaDieckBackEnd\Repositories\CatalogRepository.cs:línea 295
   en DymaDieckBackend.Actions.Task.GuardarEmpleado(EmpleadoCatalogo datos, Int32 NFK_User) en C:\Yareli\PROYECTOSDYMA\MARMOLET\dieckapi\DymaDieckBackEnd\Actions\Task.cs:línea 95
   en DymaDieckAPI.Controllers.CatalogController.GuardarEmpleado(EmpleadoForm datos) en C:\Yareli\PROYECTOSDYMA\MARMOLET\dieckapi\DymaDieckAPI\Controllers\CatalogController.cs:línea 242
2021-02-18 17:03:23,426 [89] ERROR DymaDieckAPI.Controllers.CatalogController - Cannot insert the value NULL into column 'TipoEmpleado', table 'DIECKCRM.dbo.Empleado'; column does not allow nulls. INSERT fails.
The statement has been terminated.
System.Data.SqlClient.SqlException (0x80131904): Cannot insert the value NULL into column 'TipoEmpleado', table 'DIECKCRM.dbo.Empleado'; column does not allow nulls. INSERT fails.
The statement has been terminated.
   en DymaDieckBackend.Repositories.CatalogRepository.GuardarEmpleado(EmpleadoCatalogo datos, Int32 NFK_User) en C:\Yareli\PROYECTOSDYMA\MARMOLET\dieckapi\DymaDieckBackEnd\Repositories\CatalogRepository.cs:línea 295
   en DymaDieckBackend.Actions.Task.GuardarEmpleado(EmpleadoCatalogo datos, Int32 NFK_User) en C:\Yareli\PROYECTOSDYMA\MARMOLET\dieckapi\DymaDieckBackEnd\Actions\Task.cs:línea 95
   en DymaDieckAPI.Controllers.CatalogController.GuardarEmpleado(EmpleadoForm datos) en C:\Yareli\PROYECTOSDYMA\MARMOLET\dieckapi\DymaDieckAPI\Controllers\CatalogController.cs:línea 242
ClientConnectionId:62cb0f1c-6257-4442-bd51-0327cb6c1839
Error Number:515,State:2,Class:16
2021-02-18 17:03:48,444 [87] ERROR DymaDieckAPI.Controllers.CatalogController - Desbordamiento de SqlDateTime. Debe estar entre 1/1/1753 12:00:00 AM y 12/31/9999 11:59:59 PM.
System.Data.SqlTypes.SqlTypeException: Desbordamiento de SqlDateTime. Debe estar entre 1/1/1753 12:00:00 AM y 12/31/9999 11:59:59 PM.
   en DymaDieckBackend.Repositories.CatalogRepository.GuardarEmpleado(EmpleadoCatalogo datos, Int32 NFK_User) en C:\Yareli\PROYECTOSDYMA\MARMOLET\dieckapi\DymaDieckBackEnd\Repositories\CatalogRepository.cs:línea 295
   en DymaDieckBackend.Actions.Task.GuardarEmpleado(EmpleadoCatalogo datos, Int32 NFK_User) en C:\Yareli\PROYECTOSDYMA\MARMOLET\dieckapi\DymaDieckBackEnd\Actions\Task.cs:línea 95
   en DymaDieckAPI.Controllers.CatalogController.GuardarEmpleado(EmpleadoForm datos) en C:\Yareli\PROYECTOSDYMA\MARMOLET\dieckapi\DymaDieckAPI\Controllers\CatalogController.cs:línea 242
2021-02-18 17:10:39,457 [87] ERROR DymaDieckAPI.Controllers.CatalogController - Desbordamiento de SqlDateTime. Debe estar entre 1/1/1753 12:00:00 AM y 12/31/9999 11:59:59 PM.
System.Data.SqlTypes.SqlTypeException: Desbordamiento de SqlDateTime. Debe estar entre 1/1/1753 12:00:00 AM y 12/31/9999 11:59:59 PM.
   en DymaDieckBackend.Repositories.CatalogRepository.GuardarEmpleado(EmpleadoCatalogo datos, Int32 NFK_User) en C:\Yareli\PROYECTOSDYMA\MARMOLET\dieckapi\DymaDieckBackEnd\Repositories\CatalogRepository.cs:línea 295
   en DymaDieckBackend.Actions.Task.GuardarEmpleado(EmpleadoCatalogo datos, Int32 NFK_User) en C:\Yareli\PROYECTOSDYMA\MARMOLET\dieckapi\DymaDieckBackEnd\Actions\Task.cs:línea 95
   en DymaDieckAPI.Controllers.CatalogController.GuardarEmpleado(EmpleadoForm datos) en C:\Yareli\PROYECTOSDYMA\MARMOLET\dieckapi\DymaDieckAPI\Controllers\CatalogController.cs:línea 242
2021-02-18 17:11:22,002 [12] ERROR DymaDieckAPI.Controllers.CatalogController - Desbordamiento de SqlDateTime. Debe estar entre 1/1/1753 12:00:00 AM y 12/31/9999 11:59:59 PM.
System.Data.SqlTypes.SqlTypeException: Desbordamiento de SqlDateTime. Debe estar entre 1/1/1753 12:00:00 AM y 12/31/9999 11:59:59 PM.
   en DymaDieckBackend.Repositories.CatalogRepository.GuardarEmpleado(EmpleadoCatalogo datos, Int32 NFK_User) en C:\Yareli\PROYECTOSDYMA\MARMOLET\dieckapi\DymaDieckBackEnd\Repositories\CatalogRepository.cs:línea 295
   en DymaDieckBackend.Actions.Task.GuardarEmpleado(EmpleadoCatalogo datos, Int32 NFK_User) en C:\Yareli\PROYECTOSDYMA\MARMOLET\dieckapi\DymaDieckBackEnd\Actions\Task.cs:línea 95
   en DymaDieckAPI.Controllers.CatalogController.GuardarEmpleado(EmpleadoForm datos) en C:\Yareli\PROYECTOSDYMA\MARMOLET\dieckapi\DymaDieckAPI\Controllers\CatalogController.cs:línea 242
2021-02-18 17:18:41,081 [16] ERROR DymaDieckAPI.Controllers.CatalogController - Desbordamiento de SqlDateTime. Debe estar entre 1/1/1753 12:00:00 AM y 12/31/9999 11:59:59 PM.
System.Data.SqlTypes.SqlTypeException: Desbordamiento de SqlDateTime. Debe estar entre 1/1/1753 12:00:00 AM y 12/31/9999 11:59:59 PM.
   en DymaDieckBackend.Repositories.CatalogRepository.GuardarEmpleado(EmpleadoCatalogo datos, Int32 NFK_User) en C:\Yareli\PROYECTOSDYMA\MARMOLET\dieckapi\DymaDieckBackEnd\Repositories\CatalogRepository.cs:línea 295
   en DymaDieckBackend.Actions.Task.GuardarEmpleado(EmpleadoCatalogo datos, Int32 NFK_User) en C:\Yareli\PROYECTOSDYMA\MARMOLET\dieckapi\DymaDieckBackEnd\Actions\Task.cs:línea 95
   en DymaDieckAPI.Controllers.CatalogController.GuardarEmpleado(EmpleadoForm datos) en C:\Yareli\PROYECTOSDYMA\MARMOLET\dieckapi\DymaDieckAPI\Controllers\CatalogController.cs:línea 242
2021-02-18 17:23:00,011 [22] ERROR DymaDieckAPI.Controllers.CatalogController - Referencia a objeto no establecida como instancia de un objeto.
System.NullReferenceException: Referencia a objeto no establecida como instancia de un objeto.
   en DymaDieckAPI.Controllers.CatalogController.GuardarEmpleado(EmpleadoForm datos) en C:\Yareli\PROYECTOSDYMA\MARMOLET\dieckapi\DymaDieckAPI\Controllers\CatalogController.cs:línea 227
2021-02-18 17:36:12,122 [5] ERROR DymaDieckAPI.Controllers.CatalogController - Referencia a objeto no establecida como instancia de un objeto.
System.NullReferenceException: Referencia a objeto no establecida como instancia de un objeto.
   en DymaDieckAPI.Controllers.CatalogController.GuardarEmpleado(EmpleadoForm datos) en C:\Yareli\PROYECTOSDYMA\MARMOLET\dieckapi\DymaDieckAPI\Controllers\CatalogController.cs:línea 227
2021-02-18 17:40:09,381 [8] ERROR DymaDieckAPI.Controllers.CatalogController - Referencia a objeto no establecida como instancia de un objeto.
System.NullReferenceException: Referencia a objeto no establecida como instancia de un objeto.
   en DymaDieckAPI.Controllers.CatalogController.GuardarEmpleado(EmpleadoForm datos) en C:\Yareli\PROYECTOSDYMA\MARMOLET\dieckapi\DymaDieckAPI\Controllers\CatalogController.cs:línea 227
