2020-07-23 23:51:01,776 [12] INFO DymaDieckAPI.Controllers.TokenController - >>>>>>>>>> Login Web
2020-07-23 23:51:01,788 [12] ERROR DymaDieckAPI.Controllers.TokenController - System.Data.SqlClient.SqlException (0x80131904): Invalid object name 'Usuario'.
   en System.Data.SqlClient.SqlConnection.OnError(SqlException exception, Boolean breakConnection, Action`1 wrapCloseInAction)
   en System.Data.SqlClient.SqlInternalConnection.OnError(SqlException exception, Boolean breakConnection, Action`1 wrapCloseInAction)
   en System.Data.SqlClient.TdsParser.ThrowExceptionAndWarning(TdsParserStateObject stateObj, Boolean callerHasConnectionLock, Boolean asyncClose)
   en System.Data.SqlClient.TdsParser.TryRun(RunBehavior runBehavior, SqlCommand cmdHandler, SqlDataReader dataStream, BulkCopySimpleResultSet bulkCopyHandler, TdsParserStateObject stateObj, Boolean& dataReady)
   en System.Data.SqlClient.SqlDataReader.TryConsumeMetaData()
   en System.Data.SqlClient.SqlDataReader.get_MetaData()
   en System.Data.SqlClient.SqlCommand.FinishExecuteReader(SqlDataReader ds, RunBehavior runBehavior, String resetOptionsString, Boolean isInternal, Boolean forDescribeParameterEncryption, Boolean shouldCacheForAlwaysEncrypted)
   en System.Data.SqlClient.SqlCommand.RunExecuteReaderTds(CommandBehavior cmdBehavior, RunBehavior runBehavior, Boolean returnStream, Boolean async, Int32 timeout, Task& task, Boolean asyncWrite, Boolean inRetry, SqlDataReader ds, Boolean describeParameterEncryptionRequest)
   en System.Data.SqlClient.SqlCommand.RunExecuteReader(CommandBehavior cmdBehavior, RunBehavior runBehavior, Boolean returnStream, String method, TaskCompletionSource`1 completion, Int32 timeout, Task& task, Boolean& usedCache, Boolean asyncWrite, Boolean inRetry)
   en System.Data.SqlClient.SqlCommand.RunExecuteReader(CommandBehavior cmdBehavior, RunBehavior runBehavior, Boolean returnStream, String method)
   en System.Data.SqlClient.SqlCommand.ExecuteReader(CommandBehavior behavior, String method)
   en System.Data.SqlClient.SqlCommand.ExecuteDbDataReader(CommandBehavior behavior)
   en System.Data.Common.DbCommand.System.Data.IDbCommand.ExecuteReader(CommandBehavior behavior)
   en Dapper.SqlMapper.<QueryImpl>d__11`1.MoveNext()
   en System.Collections.Generic.List`1..ctor(IEnumerable`1 collection)
   en System.Linq.Enumerable.ToList[TSource](IEnumerable`1 source)
   en Dapper.SqlMapper.Query[T](IDbConnection cnn, String sql, Object param, IDbTransaction transaction, Boolean buffered, Nullable`1 commandTimeout, Nullable`1 commandType)
   en DymaDieckBackend.Repositories.UserRepository.AuthenticateUserWeb(String username, String password) en C:\Miguel\Dieck 2020\dieckapi\DymaDieckBackEnd\Repositories\UserRepository.cs:línea 64
   en DymaDieckBackend.Actions.Task.LoginUserWeb(String username, String password) en C:\Miguel\Dieck 2020\dieckapi\DymaDieckBackEnd\Actions\Task.cs:línea 34
   en DymaDieckAPI.Controllers.TokenController.LoginWeb(LoginFormWeb datos) en C:\Miguel\Dieck 2020\dieckapi\DymaDieckAPI\Controllers\TokenController.cs:línea 32
ClientConnectionId:be72c77b-4f06-48d3-bbff-d798cf10e6f3
Error Number:208,State:1,Class:16
2020-07-23 23:51:01,793 [12] INFO DymaDieckAPI.Controllers.TokenController - <<<<<<<<<< Login Web
