2020-06-26 18:48:32,237 [10] INFO YfosAPI.Controllers.TokenController - >>>>>>>>>> Login Web
2020-06-26 18:48:32,237 [11] INFO YfosAPI.Controllers.TokenController - >>>>>>>>>> Login Web
2020-06-26 18:48:32,237 [5] INFO YfosAPI.Controllers.TokenController - >>>>>>>>>> Login Web
2020-06-26 18:48:32,248 [10] ERROR YfosAPI.Controllers.TokenController - System.Data.SqlClient.SqlException (0x80131904): A network-related or instance-specific error occurred while establishing a connection to SQL Server. The server was not found or was not accessible. Verify that the instance name is correct and that SQL Server is configured to allow remote connections. (provider: TCP Provider, error: 0 - The semaphore timeout period has expired.) ---> System.ComponentModel.Win32Exception (0x80004005): The semaphore timeout period has expired
   at System.Data.ProviderBase.DbConnectionPool.TryGetConnection(DbConnection owningObject, UInt32 waitForMultipleObjectsTimeout, Boolean allowCreate, Boolean onlyOneCheckConnection, DbConnectionOptions userOptions, DbConnectionInternal& connection)
   at System.Data.ProviderBase.DbConnectionPool.TryGetConnection(DbConnection owningObject, TaskCompletionSource`1 retry, DbConnectionOptions userOptions, DbConnectionInternal& connection)
   at System.Data.ProviderBase.DbConnectionFactory.TryGetConnection(DbConnection owningConnection, TaskCompletionSource`1 retry, DbConnectionOptions userOptions, DbConnectionInternal oldConnection, DbConnectionInternal& connection)
   at System.Data.ProviderBase.DbConnectionInternal.TryOpenConnectionInternal(DbConnection outerConnection, DbConnectionFactory connectionFactory, TaskCompletionSource`1 retry, DbConnectionOptions userOptions)
   at System.Data.ProviderBase.DbConnectionClosed.TryOpenConnection(DbConnection outerConnection, DbConnectionFactory connectionFactory, TaskCompletionSource`1 retry, DbConnectionOptions userOptions)
   at System.Data.SqlClient.SqlConnection.TryOpenInner(TaskCompletionSource`1 retry)
   at System.Data.SqlClient.SqlConnection.TryOpen(TaskCompletionSource`1 retry)
   at System.Data.SqlClient.SqlConnection.Open()
   at YfosBackEnd.Repositories.UserRepository.AuthenticateUserWeb(String username, String password) in C:\Yfos\Proyectos\WebApiBase\YfosCipherBondBackEnd\Repositories\UserRepository.cs:line 74
   at YfosBackEnd.Actions.Task.LoginUserWeb(String username, String password) in C:\Yfos\Proyectos\WebApiBase\YfosCipherBondBackEnd\Actions\Task.cs:line 47
   at YfosAPI.Controllers.TokenController.LoginWeb(LoginFormWeb datos) in C:\Yfos\Proyectos\WebApiBase\YfosCipherBondAPI\Controllers\TokenController.cs:line 76
ClientConnectionId:00000000-0000-0000-0000-000000000000
Error Number:121,State:0,Class:20
2020-06-26 18:48:32,250 [11] ERROR YfosAPI.Controllers.TokenController - System.Data.SqlClient.SqlException (0x80131904): A network-related or instance-specific error occurred while establishing a connection to SQL Server. The server was not found or was not accessible. Verify that the instance name is correct and that SQL Server is configured to allow remote connections. (provider: TCP Provider, error: 0 - The semaphore timeout period has expired.) ---> System.ComponentModel.Win32Exception (0x80004005): The semaphore timeout period has expired
   at System.Data.ProviderBase.DbConnectionPool.TryGetConnection(DbConnection owningObject, UInt32 waitForMultipleObjectsTimeout, Boolean allowCreate, Boolean onlyOneCheckConnection, DbConnectionOptions userOptions, DbConnectionInternal& connection)
   at System.Data.ProviderBase.DbConnectionPool.TryGetConnection(DbConnection owningObject, TaskCompletionSource`1 retry, DbConnectionOptions userOptions, DbConnectionInternal& connection)
   at System.Data.ProviderBase.DbConnectionFactory.TryGetConnection(DbConnection owningConnection, TaskCompletionSource`1 retry, DbConnectionOptions userOptions, DbConnectionInternal oldConnection, DbConnectionInternal& connection)
   at System.Data.ProviderBase.DbConnectionInternal.TryOpenConnectionInternal(DbConnection outerConnection, DbConnectionFactory connectionFactory, TaskCompletionSource`1 retry, DbConnectionOptions userOptions)
   at System.Data.ProviderBase.DbConnectionClosed.TryOpenConnection(DbConnection outerConnection, DbConnectionFactory connectionFactory, TaskCompletionSource`1 retry, DbConnectionOptions userOptions)
   at System.Data.SqlClient.SqlConnection.TryOpenInner(TaskCompletionSource`1 retry)
   at System.Data.SqlClient.SqlConnection.TryOpen(TaskCompletionSource`1 retry)
   at System.Data.SqlClient.SqlConnection.Open()
   at YfosBackEnd.Repositories.UserRepository.AuthenticateUserWeb(String username, String password) in C:\Yfos\Proyectos\WebApiBase\YfosCipherBondBackEnd\Repositories\UserRepository.cs:line 74
   at YfosBackEnd.Actions.Task.LoginUserWeb(String username, String password) in C:\Yfos\Proyectos\WebApiBase\YfosCipherBondBackEnd\Actions\Task.cs:line 47
   at YfosAPI.Controllers.TokenController.LoginWeb(LoginFormWeb datos) in C:\Yfos\Proyectos\WebApiBase\YfosCipherBondAPI\Controllers\TokenController.cs:line 76
ClientConnectionId:00000000-0000-0000-0000-000000000000
Error Number:121,State:0,Class:20
2020-06-26 18:48:32,251 [5] ERROR YfosAPI.Controllers.TokenController - System.Data.SqlClient.SqlException (0x80131904): A network-related or instance-specific error occurred while establishing a connection to SQL Server. The server was not found or was not accessible. Verify that the instance name is correct and that SQL Server is configured to allow remote connections. (provider: TCP Provider, error: 0 - The semaphore timeout period has expired.) ---> System.ComponentModel.Win32Exception (0x80004005): The semaphore timeout period has expired
   at System.Data.SqlClient.SqlInternalConnectionTds..ctor(DbConnectionPoolIdentity identity, SqlConnectionString connectionOptions, SqlCredential credential, Object providerInfo, String newPassword, SecureString newSecurePassword, Boolean redirectedUserInstance, SqlConnectionString userConnectionOptions, SessionData reconnectSessionData, DbConnectionPool pool, String accessToken, Boolean applyTransientFaultHandling, SqlAuthenticationProviderManager sqlAuthProviderManager)
   at System.Data.SqlClient.SqlConnectionFactory.CreateConnection(DbConnectionOptions options, DbConnectionPoolKey poolKey, Object poolGroupProviderInfo, DbConnectionPool pool, DbConnection owningConnection, DbConnectionOptions userOptions)
   at System.Data.ProviderBase.DbConnectionFactory.CreatePooledConnection(DbConnectionPool pool, DbConnection owningObject, DbConnectionOptions options, DbConnectionPoolKey poolKey, DbConnectionOptions userOptions)
   at System.Data.ProviderBase.DbConnectionPool.CreateObject(DbConnection owningObject, DbConnectionOptions userOptions, DbConnectionInternal oldConnection)
   at System.Data.ProviderBase.DbConnectionPool.UserCreateRequest(DbConnection owningObject, DbConnectionOptions userOptions, DbConnectionInternal oldConnection)
   at System.Data.ProviderBase.DbConnectionPool.TryGetConnection(DbConnection owningObject, UInt32 waitForMultipleObjectsTimeout, Boolean allowCreate, Boolean onlyOneCheckConnection, DbConnectionOptions userOptions, DbConnectionInternal& connection)
   at System.Data.ProviderBase.DbConnectionPool.TryGetConnection(DbConnection owningObject, TaskCompletionSource`1 retry, DbConnectionOptions userOptions, DbConnectionInternal& connection)
   at System.Data.ProviderBase.DbConnectionFactory.TryGetConnection(DbConnection owningConnection, TaskCompletionSource`1 retry, DbConnectionOptions userOptions, DbConnectionInternal oldConnection, DbConnectionInternal& connection)
   at System.Data.ProviderBase.DbConnectionInternal.TryOpenConnectionInternal(DbConnection outerConnection, DbConnectionFactory connectionFactory, TaskCompletionSource`1 retry, DbConnectionOptions userOptions)
   at System.Data.ProviderBase.DbConnectionClosed.TryOpenConnection(DbConnection outerConnection, DbConnectionFactory connectionFactory, TaskCompletionSource`1 retry, DbConnectionOptions userOptions)
   at System.Data.SqlClient.SqlConnection.TryOpenInner(TaskCompletionSource`1 retry)
   at System.Data.SqlClient.SqlConnection.TryOpen(TaskCompletionSource`1 retry)
   at System.Data.SqlClient.SqlConnection.Open()
   at YfosBackEnd.Repositories.UserRepository.AuthenticateUserWeb(String username, String password) in C:\Yfos\Proyectos\WebApiBase\YfosCipherBondBackEnd\Repositories\UserRepository.cs:line 74
   at YfosBackEnd.Actions.Task.LoginUserWeb(String username, String password) in C:\Yfos\Proyectos\WebApiBase\YfosCipherBondBackEnd\Actions\Task.cs:line 47
   at YfosAPI.Controllers.TokenController.LoginWeb(LoginFormWeb datos) in C:\Yfos\Proyectos\WebApiBase\YfosCipherBondAPI\Controllers\TokenController.cs:line 76
ClientConnectionId:00000000-0000-0000-0000-000000000000
Error Number:121,State:0,Class:20
2020-06-26 18:48:32,261 [10] INFO YfosAPI.Controllers.TokenController - <<<<<<<<<< Login Web
2020-06-26 18:48:32,263 [11] INFO YfosAPI.Controllers.TokenController - <<<<<<<<<< Login Web
2020-06-26 18:48:32,264 [5] INFO YfosAPI.Controllers.TokenController - <<<<<<<<<< Login Web
2020-06-26 18:49:14,785 [5] INFO YfosAPI.Controllers.TokenController - >>>>>>>>>> Login Web
2020-06-26 18:49:14,802 [5] ERROR YfosAPI.Controllers.TokenController - System.Data.SqlClient.SqlException (0x80131904): Invalid object name 'vwSecUsers'.
   at System.Data.SqlClient.SqlConnection.OnError(SqlException exception, Boolean breakConnection, Action`1 wrapCloseInAction)
   at System.Data.SqlClient.SqlInternalConnection.OnError(SqlException exception, Boolean breakConnection, Action`1 wrapCloseInAction)
   at System.Data.SqlClient.TdsParser.ThrowExceptionAndWarning(TdsParserStateObject stateObj, Boolean callerHasConnectionLock, Boolean asyncClose)
   at System.Data.SqlClient.TdsParser.TryRun(RunBehavior runBehavior, SqlCommand cmdHandler, SqlDataReader dataStream, BulkCopySimpleResultSet bulkCopyHandler, TdsParserStateObject stateObj, Boolean& dataReady)
   at System.Data.SqlClient.SqlDataReader.TryConsumeMetaData()
   at System.Data.SqlClient.SqlDataReader.get_MetaData()
   at System.Data.SqlClient.SqlCommand.FinishExecuteReader(SqlDataReader ds, RunBehavior runBehavior, String resetOptionsString, Boolean isInternal, Boolean forDescribeParameterEncryption, Boolean shouldCacheForAlwaysEncrypted)
   at System.Data.SqlClient.SqlCommand.RunExecuteReaderTds(CommandBehavior cmdBehavior, RunBehavior runBehavior, Boolean returnStream, Boolean async, Int32 timeout, Task& task, Boolean asyncWrite, Boolean inRetry, SqlDataReader ds, Boolean describeParameterEncryptionRequest)
   at System.Data.SqlClient.SqlCommand.RunExecuteReader(CommandBehavior cmdBehavior, RunBehavior runBehavior, Boolean returnStream, String method, TaskCompletionSource`1 completion, Int32 timeout, Task& task, Boolean& usedCache, Boolean asyncWrite, Boolean inRetry)
   at System.Data.SqlClient.SqlCommand.RunExecuteReader(CommandBehavior cmdBehavior, RunBehavior runBehavior, Boolean returnStream, String method)
   at System.Data.SqlClient.SqlCommand.ExecuteReader(CommandBehavior behavior, String method)
   at System.Data.SqlClient.SqlCommand.ExecuteDbDataReader(CommandBehavior behavior)
   at System.Data.Common.DbCommand.System.Data.IDbCommand.ExecuteReader(CommandBehavior behavior)
   at Dapper.SqlMapper.<QueryImpl>d__11`1.MoveNext()
   at System.Collections.Generic.List`1..ctor(IEnumerable`1 collection)
   at System.Linq.Enumerable.ToList[TSource](IEnumerable`1 source)
   at Dapper.SqlMapper.Query[T](IDbConnection cnn, String sql, Object param, IDbTransaction transaction, Boolean buffered, Nullable`1 commandTimeout, Nullable`1 commandType)
   at YfosBackEnd.Repositories.UserRepository.AuthenticateUserWeb(String username, String password) in C:\Yfos\Proyectos\WebApiBase\YfosCipherBondBackEnd\Repositories\UserRepository.cs:line 80
   at YfosBackEnd.Actions.Task.LoginUserWeb(String username, String password) in C:\Yfos\Proyectos\WebApiBase\YfosCipherBondBackEnd\Actions\Task.cs:line 47
   at YfosAPI.Controllers.TokenController.LoginWeb(LoginFormWeb datos) in C:\Yfos\Proyectos\WebApiBase\YfosCipherBondAPI\Controllers\TokenController.cs:line 76
ClientConnectionId:733cc697-3bed-4191-81ef-f052fb5d3ea7
Error Number:208,State:1,Class:16
2020-06-26 18:49:14,817 [5] INFO YfosAPI.Controllers.TokenController - <<<<<<<<<< Login Web
2020-06-26 18:50:01,947 [12] INFO YfosAPI.Controllers.TokenController - >>>>>>>>>> Login Web
2020-06-26 18:50:01,948 [12] ERROR YfosAPI.Controllers.TokenController - System.Data.SqlClient.SqlException (0x80131904): Invalid object name 'vwSecUsers'.
   at System.Data.SqlClient.SqlConnection.OnError(SqlException exception, Boolean breakConnection, Action`1 wrapCloseInAction)
   at System.Data.SqlClient.SqlInternalConnection.OnError(SqlException exception, Boolean breakConnection, Action`1 wrapCloseInAction)
   at System.Data.SqlClient.TdsParser.ThrowExceptionAndWarning(TdsParserStateObject stateObj, Boolean callerHasConnectionLock, Boolean asyncClose)
   at System.Data.SqlClient.TdsParser.TryRun(RunBehavior runBehavior, SqlCommand cmdHandler, SqlDataReader dataStream, BulkCopySimpleResultSet bulkCopyHandler, TdsParserStateObject stateObj, Boolean& dataReady)
   at System.Data.SqlClient.SqlDataReader.TryConsumeMetaData()
   at System.Data.SqlClient.SqlDataReader.get_MetaData()
   at System.Data.SqlClient.SqlCommand.FinishExecuteReader(SqlDataReader ds, RunBehavior runBehavior, String resetOptionsString, Boolean isInternal, Boolean forDescribeParameterEncryption, Boolean shouldCacheForAlwaysEncrypted)
   at System.Data.SqlClient.SqlCommand.RunExecuteReaderTds(CommandBehavior cmdBehavior, RunBehavior runBehavior, Boolean returnStream, Boolean async, Int32 timeout, Task& task, Boolean asyncWrite, Boolean inRetry, SqlDataReader ds, Boolean describeParameterEncryptionRequest)
   at System.Data.SqlClient.SqlCommand.RunExecuteReader(CommandBehavior cmdBehavior, RunBehavior runBehavior, Boolean returnStream, String method, TaskCompletionSource`1 completion, Int32 timeout, Task& task, Boolean& usedCache, Boolean asyncWrite, Boolean inRetry)
   at System.Data.SqlClient.SqlCommand.RunExecuteReader(CommandBehavior cmdBehavior, RunBehavior runBehavior, Boolean returnStream, String method)
   at System.Data.SqlClient.SqlCommand.ExecuteReader(CommandBehavior behavior, String method)
   at System.Data.SqlClient.SqlCommand.ExecuteDbDataReader(CommandBehavior behavior)
   at System.Data.Common.DbCommand.System.Data.IDbCommand.ExecuteReader(CommandBehavior behavior)
   at Dapper.SqlMapper.<QueryImpl>d__11`1.MoveNext()
   at System.Collections.Generic.List`1..ctor(IEnumerable`1 collection)
   at System.Linq.Enumerable.ToList[TSource](IEnumerable`1 source)
   at Dapper.SqlMapper.Query[T](IDbConnection cnn, String sql, Object param, IDbTransaction transaction, Boolean buffered, Nullable`1 commandTimeout, Nullable`1 commandType)
   at YfosBackEnd.Repositories.UserRepository.AuthenticateUserWeb(String username, String password) in C:\Yfos\Proyectos\WebApiBase\YfosCipherBondBackEnd\Repositories\UserRepository.cs:line 80
   at YfosBackEnd.Actions.Task.LoginUserWeb(String username, String password) in C:\Yfos\Proyectos\WebApiBase\YfosCipherBondBackEnd\Actions\Task.cs:line 47
   at YfosAPI.Controllers.TokenController.LoginWeb(LoginFormWeb datos) in C:\Yfos\Proyectos\WebApiBase\YfosCipherBondAPI\Controllers\TokenController.cs:line 76
ClientConnectionId:733cc697-3bed-4191-81ef-f052fb5d3ea7
Error Number:208,State:1,Class:16
2020-06-26 18:50:01,951 [12] INFO YfosAPI.Controllers.TokenController - <<<<<<<<<< Login Web
2020-06-26 18:50:12,901 [12] INFO YfosAPI.Controllers.TokenController - >>>>>>>>>> Login Web
2020-06-26 18:50:12,902 [12] ERROR YfosAPI.Controllers.TokenController - System.Data.SqlClient.SqlException (0x80131904): Invalid object name 'vwSecUsers'.
   at System.Data.SqlClient.SqlConnection.OnError(SqlException exception, Boolean breakConnection, Action`1 wrapCloseInAction)
   at System.Data.SqlClient.SqlInternalConnection.OnError(SqlException exception, Boolean breakConnection, Action`1 wrapCloseInAction)
   at System.Data.SqlClient.TdsParser.ThrowExceptionAndWarning(TdsParserStateObject stateObj, Boolean callerHasConnectionLock, Boolean asyncClose)
   at System.Data.SqlClient.TdsParser.TryRun(RunBehavior runBehavior, SqlCommand cmdHandler, SqlDataReader dataStream, BulkCopySimpleResultSet bulkCopyHandler, TdsParserStateObject stateObj, Boolean& dataReady)
   at System.Data.SqlClient.SqlDataReader.TryConsumeMetaData()
   at System.Data.SqlClient.SqlDataReader.get_MetaData()
   at System.Data.SqlClient.SqlCommand.FinishExecuteReader(SqlDataReader ds, RunBehavior runBehavior, String resetOptionsString, Boolean isInternal, Boolean forDescribeParameterEncryption, Boolean shouldCacheForAlwaysEncrypted)
   at System.Data.SqlClient.SqlCommand.RunExecuteReaderTds(CommandBehavior cmdBehavior, RunBehavior runBehavior, Boolean returnStream, Boolean async, Int32 timeout, Task& task, Boolean asyncWrite, Boolean inRetry, SqlDataReader ds, Boolean describeParameterEncryptionRequest)
   at System.Data.SqlClient.SqlCommand.RunExecuteReader(CommandBehavior cmdBehavior, RunBehavior runBehavior, Boolean returnStream, String method, TaskCompletionSource`1 completion, Int32 timeout, Task& task, Boolean& usedCache, Boolean asyncWrite, Boolean inRetry)
   at System.Data.SqlClient.SqlCommand.RunExecuteReader(CommandBehavior cmdBehavior, RunBehavior runBehavior, Boolean returnStream, String method)
   at System.Data.SqlClient.SqlCommand.ExecuteReader(CommandBehavior behavior, String method)
   at System.Data.SqlClient.SqlCommand.ExecuteDbDataReader(CommandBehavior behavior)
   at System.Data.Common.DbCommand.System.Data.IDbCommand.ExecuteReader(CommandBehavior behavior)
   at Dapper.SqlMapper.<QueryImpl>d__11`1.MoveNext()
   at System.Collections.Generic.List`1..ctor(IEnumerable`1 collection)
   at System.Linq.Enumerable.ToList[TSource](IEnumerable`1 source)
   at Dapper.SqlMapper.Query[T](IDbConnection cnn, String sql, Object param, IDbTransaction transaction, Boolean buffered, Nullable`1 commandTimeout, Nullable`1 commandType)
   at YfosBackEnd.Repositories.UserRepository.AuthenticateUserWeb(String username, String password) in C:\Yfos\Proyectos\WebApiBase\YfosCipherBondBackEnd\Repositories\UserRepository.cs:line 80
   at YfosBackEnd.Actions.Task.LoginUserWeb(String username, String password) in C:\Yfos\Proyectos\WebApiBase\YfosCipherBondBackEnd\Actions\Task.cs:line 47
   at YfosAPI.Controllers.TokenController.LoginWeb(LoginFormWeb datos) in C:\Yfos\Proyectos\WebApiBase\YfosCipherBondAPI\Controllers\TokenController.cs:line 76
ClientConnectionId:733cc697-3bed-4191-81ef-f052fb5d3ea7
Error Number:208,State:1,Class:16
2020-06-26 18:50:12,904 [12] INFO YfosAPI.Controllers.TokenController - <<<<<<<<<< Login Web
2020-06-26 18:50:46,941 [12] INFO YfosAPI.Controllers.TokenController - >>>>>>>>>> Login Web
2020-06-26 18:50:46,951 [12] ERROR YfosAPI.Controllers.TokenController - System.Exception: User not Autorized
   at YfosBackEnd.Repositories.UserRepository.AuthenticateUserWeb(String username, String password) in C:\Yfos\Proyectos\WebApiBase\YfosCipherBondBackEnd\Repositories\UserRepository.cs:line 82
   at YfosBackEnd.Actions.Task.LoginUserWeb(String username, String password) in C:\Yfos\Proyectos\WebApiBase\YfosCipherBondBackEnd\Actions\Task.cs:line 47
   at YfosAPI.Controllers.TokenController.LoginWeb(LoginFormWeb datos) in C:\Yfos\Proyectos\WebApiBase\YfosCipherBondAPI\Controllers\TokenController.cs:line 76
2020-06-26 18:50:46,960 [12] INFO YfosAPI.Controllers.TokenController - <<<<<<<<<< Login Web
2020-06-26 18:52:35,325 [18] INFO YfosAPI.Controllers.TokenController - >>>>>>>>>> Login Web
2020-06-26 18:52:35,325 [22] INFO YfosAPI.Controllers.TokenController - >>>>>>>>>> Login Web
2020-06-26 18:52:35,336 [22] ERROR YfosAPI.Controllers.TokenController - System.Data.SqlClient.SqlException (0x80131904): A network-related or instance-specific error occurred while establishing a connection to SQL Server. The server was not found or was not accessible. Verify that the instance name is correct and that SQL Server is configured to allow remote connections. (provider: TCP Provider, error: 0 - The wait operation timed out.) ---> System.ComponentModel.Win32Exception (0x80004005): The wait operation timed out
   at System.Data.SqlClient.SqlInternalConnectionTds..ctor(DbConnectionPoolIdentity identity, SqlConnectionString connectionOptions, SqlCredential credential, Object providerInfo, String newPassword, SecureString newSecurePassword, Boolean redirectedUserInstance, SqlConnectionString userConnectionOptions, SessionData reconnectSessionData, DbConnectionPool pool, String accessToken, Boolean applyTransientFaultHandling, SqlAuthenticationProviderManager sqlAuthProviderManager)
   at System.Data.SqlClient.SqlConnectionFactory.CreateConnection(DbConnectionOptions options, DbConnectionPoolKey poolKey, Object poolGroupProviderInfo, DbConnectionPool pool, DbConnection owningConnection, DbConnectionOptions userOptions)
   at System.Data.ProviderBase.DbConnectionFactory.CreatePooledConnection(DbConnectionPool pool, DbConnection owningObject, DbConnectionOptions options, DbConnectionPoolKey poolKey, DbConnectionOptions userOptions)
   at System.Data.ProviderBase.DbConnectionPool.CreateObject(DbConnection owningObject, DbConnectionOptions userOptions, DbConnectionInternal oldConnection)
   at System.Data.ProviderBase.DbConnectionPool.UserCreateRequest(DbConnection owningObject, DbConnectionOptions userOptions, DbConnectionInternal oldConnection)
   at System.Data.ProviderBase.DbConnectionPool.TryGetConnection(DbConnection owningObject, UInt32 waitForMultipleObjectsTimeout, Boolean allowCreate, Boolean onlyOneCheckConnection, DbConnectionOptions userOptions, DbConnectionInternal& connection)
   at System.Data.ProviderBase.DbConnectionPool.TryGetConnection(DbConnection owningObject, TaskCompletionSource`1 retry, DbConnectionOptions userOptions, DbConnectionInternal& connection)
   at System.Data.ProviderBase.DbConnectionFactory.TryGetConnection(DbConnection owningConnection, TaskCompletionSource`1 retry, DbConnectionOptions userOptions, DbConnectionInternal oldConnection, DbConnectionInternal& connection)
   at System.Data.ProviderBase.DbConnectionInternal.TryOpenConnectionInternal(DbConnection outerConnection, DbConnectionFactory connectionFactory, TaskCompletionSource`1 retry, DbConnectionOptions userOptions)
   at System.Data.ProviderBase.DbConnectionClosed.TryOpenConnection(DbConnection outerConnection, DbConnectionFactory connectionFactory, TaskCompletionSource`1 retry, DbConnectionOptions userOptions)
   at System.Data.SqlClient.SqlConnection.TryOpenInner(TaskCompletionSource`1 retry)
   at System.Data.SqlClient.SqlConnection.TryOpen(TaskCompletionSource`1 retry)
   at System.Data.SqlClient.SqlConnection.Open()
   at YfosBackEnd.Repositories.UserRepository.AuthenticateUserWeb(String username, String password) in C:\Yfos\Proyectos\WebApiBase\YfosCipherBondBackEnd\Repositories\UserRepository.cs:line 74
   at YfosBackEnd.Actions.Task.LoginUserWeb(String username, String password) in C:\Yfos\Proyectos\WebApiBase\YfosCipherBondBackEnd\Actions\Task.cs:line 47
   at YfosAPI.Controllers.TokenController.LoginWeb(LoginFormWeb datos) in C:\Yfos\Proyectos\WebApiBase\YfosCipherBondAPI\Controllers\TokenController.cs:line 76
ClientConnectionId:00000000-0000-0000-0000-000000000000
Error Number:258,State:0,Class:20
2020-06-26 18:52:35,334 [18] ERROR YfosAPI.Controllers.TokenController - System.Data.SqlClient.SqlException (0x80131904): A network-related or instance-specific error occurred while establishing a connection to SQL Server. The server was not found or was not accessible. Verify that the instance name is correct and that SQL Server is configured to allow remote connections. (provider: TCP Provider, error: 0 - The wait operation timed out.) ---> System.ComponentModel.Win32Exception (0x80004005): The wait operation timed out
   at System.Data.ProviderBase.DbConnectionPool.TryGetConnection(DbConnection owningObject, UInt32 waitForMultipleObjectsTimeout, Boolean allowCreate, Boolean onlyOneCheckConnection, DbConnectionOptions userOptions, DbConnectionInternal& connection)
   at System.Data.ProviderBase.DbConnectionPool.TryGetConnection(DbConnection owningObject, TaskCompletionSource`1 retry, DbConnectionOptions userOptions, DbConnectionInternal& connection)
   at System.Data.ProviderBase.DbConnectionFactory.TryGetConnection(DbConnection owningConnection, TaskCompletionSource`1 retry, DbConnectionOptions userOptions, DbConnectionInternal oldConnection, DbConnectionInternal& connection)
   at System.Data.ProviderBase.DbConnectionInternal.TryOpenConnectionInternal(DbConnection outerConnection, DbConnectionFactory connectionFactory, TaskCompletionSource`1 retry, DbConnectionOptions userOptions)
   at System.Data.ProviderBase.DbConnectionClosed.TryOpenConnection(DbConnection outerConnection, DbConnectionFactory connectionFactory, TaskCompletionSource`1 retry, DbConnectionOptions userOptions)
   at System.Data.SqlClient.SqlConnection.TryOpenInner(TaskCompletionSource`1 retry)
   at System.Data.SqlClient.SqlConnection.TryOpen(TaskCompletionSource`1 retry)
   at System.Data.SqlClient.SqlConnection.Open()
   at YfosBackEnd.Repositories.UserRepository.AuthenticateUserWeb(String username, String password) in C:\Yfos\Proyectos\WebApiBase\YfosCipherBondBackEnd\Repositories\UserRepository.cs:line 74
   at YfosBackEnd.Actions.Task.LoginUserWeb(String username, String password) in C:\Yfos\Proyectos\WebApiBase\YfosCipherBondBackEnd\Actions\Task.cs:line 47
   at YfosAPI.Controllers.TokenController.LoginWeb(LoginFormWeb datos) in C:\Yfos\Proyectos\WebApiBase\YfosCipherBondAPI\Controllers\TokenController.cs:line 76
ClientConnectionId:00000000-0000-0000-0000-000000000000
Error Number:258,State:0,Class:20
2020-06-26 18:52:35,343 [22] INFO YfosAPI.Controllers.TokenController - <<<<<<<<<< Login Web
2020-06-26 18:52:35,344 [18] INFO YfosAPI.Controllers.TokenController - <<<<<<<<<< Login Web
2020-06-26 18:54:22,529 [10] INFO YfosAPI.Controllers.TokenController - >>>>>>>>>> Login Web
2020-06-26 18:54:22,544 [10] ERROR YfosAPI.Controllers.TokenController - System.Exception: User not Autorized
   at YfosBackEnd.Repositories.UserRepository.AuthenticateUserWeb(String username, String password) in C:\Yfos\Proyectos\WebApiBase\YfosCipherBondBackEnd\Repositories\UserRepository.cs:line 82
   at YfosBackEnd.Actions.Task.LoginUserWeb(String username, String password) in C:\Yfos\Proyectos\WebApiBase\YfosCipherBondBackEnd\Actions\Task.cs:line 47
   at YfosAPI.Controllers.TokenController.LoginWeb(LoginFormWeb datos) in C:\Yfos\Proyectos\WebApiBase\YfosCipherBondAPI\Controllers\TokenController.cs:line 76
2020-06-26 18:54:22,551 [10] INFO YfosAPI.Controllers.TokenController - <<<<<<<<<< Login Web
2020-06-26 18:56:32,326 [18] INFO YfosAPI.Controllers.TokenController - >>>>>>>>>> Login Web
2020-06-26 18:56:32,328 [18] ERROR YfosAPI.Controllers.TokenController - System.Exception: User not Autorized
   at YfosBackEnd.Repositories.UserRepository.AuthenticateUserWeb(String username, String password) in C:\Yfos\Proyectos\WebApiBase\YfosCipherBondBackEnd\Repositories\UserRepository.cs:line 82
   at YfosBackEnd.Actions.Task.LoginUserWeb(String username, String password) in C:\Yfos\Proyectos\WebApiBase\YfosCipherBondBackEnd\Actions\Task.cs:line 47
   at YfosAPI.Controllers.TokenController.LoginWeb(LoginFormWeb datos) in C:\Yfos\Proyectos\WebApiBase\YfosCipherBondAPI\Controllers\TokenController.cs:line 76
2020-06-26 18:56:32,330 [18] INFO YfosAPI.Controllers.TokenController - <<<<<<<<<< Login Web
2020-06-26 18:57:18,233 [33] INFO YfosAPI.Controllers.TokenController - >>>>>>>>>> Login Web
2020-06-26 18:57:18,249 [33] ERROR YfosAPI.Controllers.TokenController - System.Data.SqlClient.SqlException (0x80131904): A network-related or instance-specific error occurred while establishing a connection to SQL Server. The server was not found or was not accessible. Verify that the instance name is correct and that SQL Server is configured to allow remote connections. (provider: TCP Provider, error: 0 - The wait operation timed out.) ---> System.ComponentModel.Win32Exception (0x80004005): The wait operation timed out
   at System.Data.SqlClient.SqlInternalConnectionTds..ctor(DbConnectionPoolIdentity identity, SqlConnectionString connectionOptions, SqlCredential credential, Object providerInfo, String newPassword, SecureString newSecurePassword, Boolean redirectedUserInstance, SqlConnectionString userConnectionOptions, SessionData reconnectSessionData, DbConnectionPool pool, String accessToken, Boolean applyTransientFaultHandling, SqlAuthenticationProviderManager sqlAuthProviderManager)
   at System.Data.SqlClient.SqlConnectionFactory.CreateConnection(DbConnectionOptions options, DbConnectionPoolKey poolKey, Object poolGroupProviderInfo, DbConnectionPool pool, DbConnection owningConnection, DbConnectionOptions userOptions)
   at System.Data.ProviderBase.DbConnectionFactory.CreatePooledConnection(DbConnectionPool pool, DbConnection owningObject, DbConnectionOptions options, DbConnectionPoolKey poolKey, DbConnectionOptions userOptions)
   at System.Data.ProviderBase.DbConnectionPool.CreateObject(DbConnection owningObject, DbConnectionOptions userOptions, DbConnectionInternal oldConnection)
   at System.Data.ProviderBase.DbConnectionPool.UserCreateRequest(DbConnection owningObject, DbConnectionOptions userOptions, DbConnectionInternal oldConnection)
   at System.Data.ProviderBase.DbConnectionPool.TryGetConnection(DbConnection owningObject, UInt32 waitForMultipleObjectsTimeout, Boolean allowCreate, Boolean onlyOneCheckConnection, DbConnectionOptions userOptions, DbConnectionInternal& connection)
   at System.Data.ProviderBase.DbConnectionPool.TryGetConnection(DbConnection owningObject, TaskCompletionSource`1 retry, DbConnectionOptions userOptions, DbConnectionInternal& connection)
   at System.Data.ProviderBase.DbConnectionFactory.TryGetConnection(DbConnection owningConnection, TaskCompletionSource`1 retry, DbConnectionOptions userOptions, DbConnectionInternal oldConnection, DbConnectionInternal& connection)
   at System.Data.ProviderBase.DbConnectionInternal.TryOpenConnectionInternal(DbConnection outerConnection, DbConnectionFactory connectionFactory, TaskCompletionSource`1 retry, DbConnectionOptions userOptions)
   at System.Data.ProviderBase.DbConnectionClosed.TryOpenConnection(DbConnection outerConnection, DbConnectionFactory connectionFactory, TaskCompletionSource`1 retry, DbConnectionOptions userOptions)
   at System.Data.SqlClient.SqlConnection.TryOpenInner(TaskCompletionSource`1 retry)
   at System.Data.SqlClient.SqlConnection.TryOpen(TaskCompletionSource`1 retry)
   at System.Data.SqlClient.SqlConnection.Open()
   at YfosBackEnd.Repositories.UserRepository.AuthenticateUserWeb(String username, String password) in C:\Yfos\Proyectos\WebApiBase\YfosCipherBondBackEnd\Repositories\UserRepository.cs:line 74
   at YfosBackEnd.Actions.Task.LoginUserWeb(String username, String password) in C:\Yfos\Proyectos\WebApiBase\YfosCipherBondBackEnd\Actions\Task.cs:line 47
   at YfosAPI.Controllers.TokenController.LoginWeb(LoginFormWeb datos) in C:\Yfos\Proyectos\WebApiBase\YfosCipherBondAPI\Controllers\TokenController.cs:line 76
ClientConnectionId:00000000-0000-0000-0000-000000000000
Error Number:258,State:0,Class:20
2020-06-26 18:57:18,259 [33] INFO YfosAPI.Controllers.TokenController - <<<<<<<<<< Login Web
